"2023-06-23 09:25:50 [HikariPool-1 housekeeper] WARN  com.zaxxer.hikari.pool.HikariPool - HikariPool-1 - Thread starvation or clock leap detected (housekeeper delta=6h3m11s203ms727µs700ns).
""2023-06-23 10:02:39 [main] INFO  m.i.q.A.ApiQualitasApplication - Starting ApiQualitasApplication using Java 1.8.0_202 on alortiz with PID 10780 (C:\Users\alortiz\Desktop\QUALITASJS\SprintN\UltimaVersionQualitas\Api\ApiQualitas\target\classes started by alortiz in C:\Users\alortiz\Desktop\QUALITASJS\SprintN\UltimaVersionQualitas\Api\ApiQualitas)
""2023-06-23 10:02:39 [main] INFO  m.i.q.A.ApiQualitasApplication - The following 1 profile is active: "dev"
""2023-06-23 10:02:40 [main] INFO  o.s.d.r.c.RepositoryConfigurationDelegate - Bootstrapping Spring Data JPA repositories in DEFAULT mode.
""2023-06-23 10:02:40 [main] INFO  o.s.d.r.c.RepositoryConfigurationDelegate - Finished Spring Data repository scanning in 46 ms. Found 2 JPA repository interfaces.
""2023-06-23 10:02:40 [main] INFO  o.s.b.w.e.tomcat.TomcatWebServer - Tomcat initialized with port(s): 8090 (http)
""2023-06-23 10:02:40 [main] INFO  o.a.catalina.core.StandardService - Starting service [Tomcat]
""2023-06-23 10:02:40 [main] INFO  o.a.catalina.core.StandardEngine - Starting Servlet engine: [Apache Tomcat/9.0.60]
""2023-06-23 10:02:41 [main] INFO  o.a.c.c.C.[Tomcat].[localhost].[/] - Initializing Spring embedded WebApplicationContext
""2023-06-23 10:02:41 [main] INFO  o.s.b.w.s.c.ServletWebServerApplicationContext - Root WebApplicationContext: initialization completed in 1603 ms
""2023-06-23 10:02:41 [main] INFO  com.zaxxer.hikari.HikariDataSource - HikariPool-1 - Starting...
""2023-06-23 10:02:50 [main] INFO  com.zaxxer.hikari.HikariDataSource - HikariPool-1 - Start completed.
""2023-06-23 10:02:51 [main] INFO  o.s.o.j.LocalContainerEntityManagerFactoryBean - Initialized JPA EntityManagerFactory for persistence unit 'default'
""2023-06-23 10:02:52 [main] WARN  o.s.b.a.o.j.JpaBaseConfiguration$JpaWebConfiguration - spring.jpa.open-in-view is enabled by default. Therefore, database queries may be performed during view rendering. Explicitly configure spring.jpa.open-in-view to disable this warning
""2023-06-23 10:02:52 [main] DEBUG o.s.w.s.m.m.a.RequestMappingHandlerAdapter - ControllerAdvice beans: 0 @ModelAttribute, 0 @InitBinder, 1 RequestBodyAdvice, 1 ResponseBodyAdvice
""2023-06-23 10:02:52 [main] DEBUG o.s.w.s.m.m.a.RequestMappingHandlerMapping - 3 mappings in 'requestMappingHandlerMapping'
""2023-06-23 10:02:52 [main] DEBUG o.s.w.s.h.SimpleUrlHandlerMapping - Patterns [/webjars/**, /**] in 'resourceHandlerMapping'
""2023-06-23 10:02:52 [main] DEBUG o.s.w.s.m.m.a.ExceptionHandlerExceptionResolver - ControllerAdvice beans: 0 @ExceptionHandler, 1 ResponseBodyAdvice
""2023-06-23 10:02:52 [main] WARN  o.s.b.w.s.c.AnnotationConfigServletWebServerApplicationContext - Exception encountered during context initialization - cancelling refresh attempt: org.springframework.context.ApplicationContextException: Failed to start bean 'webServerStartStop'; nested exception is org.springframework.boot.web.server.PortInUseException: Port 8090 is already in use
""2023-06-23 10:02:52 [main] INFO  o.s.o.j.LocalContainerEntityManagerFactoryBean - Closing JPA EntityManagerFactory for persistence unit 'default'
""2023-06-23 10:02:52 [main] INFO  com.zaxxer.hikari.HikariDataSource - HikariPool-1 - Shutdown initiated...
""2023-06-23 10:02:53 [main] INFO  com.zaxxer.hikari.HikariDataSource - HikariPool-1 - Shutdown completed.
""2023-06-23 10:02:53 [main] INFO  o.a.catalina.core.StandardService - Stopping service [Tomcat]
""2023-06-23 10:02:53 [main] INFO  o.s.b.a.l.ConditionEvaluationReportLoggingListener - 

Error starting ApplicationContext. To display the conditions report re-run your application with 'debug' enabled.
""2023-06-23 10:02:53 [main] ERROR o.s.b.d.LoggingFailureAnalysisReporter - 

***************************
APPLICATION FAILED TO START
***************************

Description:

Web server failed to start. Port 8090 was already in use.

Action:

Identify and stop the process that's listening on port 8090 or configure this application to listen on another port.

""2023-06-23 10:03:32 [main] INFO  m.i.q.A.ApiQualitasApplication - Starting ApiQualitasApplication using Java 1.8.0_202 on alortiz with PID 12856 (C:\Users\alortiz\Desktop\QUALITASJS\SprintN\UltimaVersionQualitas\Api\ApiQualitas\target\classes started by alortiz in C:\Users\alortiz\Desktop\QUALITASJS\SprintN\UltimaVersionQualitas\Api\ApiQualitas)
""2023-06-23 10:03:32 [main] INFO  m.i.q.A.ApiQualitasApplication - The following 1 profile is active: "dev"
""2023-06-23 10:03:33 [main] INFO  o.s.d.r.c.RepositoryConfigurationDelegate - Bootstrapping Spring Data JPA repositories in DEFAULT mode.
""2023-06-23 10:03:33 [main] INFO  o.s.d.r.c.RepositoryConfigurationDelegate - Finished Spring Data repository scanning in 61 ms. Found 2 JPA repository interfaces.
""2023-06-23 10:03:34 [main] INFO  o.s.b.w.e.tomcat.TomcatWebServer - Tomcat initialized with port(s): 8090 (http)
""2023-06-23 10:03:34 [main] INFO  o.a.catalina.core.StandardService - Starting service [Tomcat]
""2023-06-23 10:03:34 [main] INFO  o.a.catalina.core.StandardEngine - Starting Servlet engine: [Apache Tomcat/9.0.60]
""2023-06-23 10:03:34 [main] INFO  o.a.c.c.C.[Tomcat].[localhost].[/] - Initializing Spring embedded WebApplicationContext
""2023-06-23 10:03:34 [main] INFO  o.s.b.w.s.c.ServletWebServerApplicationContext - Root WebApplicationContext: initialization completed in 1910 ms
""2023-06-23 10:03:35 [main] INFO  com.zaxxer.hikari.HikariDataSource - HikariPool-1 - Starting...
""2023-06-23 10:03:36 [main] INFO  com.zaxxer.hikari.HikariDataSource - HikariPool-1 - Start completed.
""2023-06-23 10:03:37 [main] INFO  o.s.o.j.LocalContainerEntityManagerFactoryBean - Initialized JPA EntityManagerFactory for persistence unit 'default'
""2023-06-23 10:03:37 [main] WARN  o.s.b.a.o.j.JpaBaseConfiguration$JpaWebConfiguration - spring.jpa.open-in-view is enabled by default. Therefore, database queries may be performed during view rendering. Explicitly configure spring.jpa.open-in-view to disable this warning
""2023-06-23 10:03:37 [main] DEBUG o.s.w.s.m.m.a.RequestMappingHandlerAdapter - ControllerAdvice beans: 0 @ModelAttribute, 0 @InitBinder, 1 RequestBodyAdvice, 1 ResponseBodyAdvice
""2023-06-23 10:03:37 [main] DEBUG o.s.w.s.m.m.a.RequestMappingHandlerMapping - 3 mappings in 'requestMappingHandlerMapping'
""2023-06-23 10:03:37 [main] DEBUG o.s.w.s.h.SimpleUrlHandlerMapping - Patterns [/webjars/**, /**] in 'resourceHandlerMapping'
""2023-06-23 10:03:37 [main] DEBUG o.s.w.s.m.m.a.ExceptionHandlerExceptionResolver - ControllerAdvice beans: 0 @ExceptionHandler, 1 ResponseBodyAdvice
""2023-06-23 10:03:37 [main] INFO  o.s.b.w.e.tomcat.TomcatWebServer - Tomcat started on port(s): 8090 (http) with context path ''
""2023-06-23 10:03:37 [main] INFO  m.i.q.A.ApiQualitasApplication - Started ApiQualitasApplication in 5.226 seconds (JVM running for 5.63)
"